gui_exclusion -set_force true
# Preference setting overrides
gui_create_pref_key -category {Globals} -key {load_detail_for_funcov} -value_type {bool} -value {false}

# State setting overrides
gui_state_default_create -off -ini
gui_set_state_value -category Globals -key recent_cov_databases -value /home/raid7_2/userp/b0126168/tony/University_LAB/lab_formal_release/lab_synthesis/sim_vcs_edge/simv_dff_exp.vdb
gui_set_state_value -category Layout -key child_console_size_x -value 717
gui_set_state_value -category Layout -key child_console_size_y -value 179
gui_set_state_value -category Layout -key child_coveragetable_docknewline -value false
gui_set_state_value -category Layout -key child_coveragetable_pos_x -value {-2}
gui_set_state_value -category Layout -key child_coveragetable_pos_y -value {-15}
gui_set_state_value -category Layout -key child_coveragetable_size_x -value 522
gui_set_state_value -category Layout -key child_coveragetable_size_y -value 392
gui_set_state_value -category Layout -key cov_main_pos_x -value 1929
gui_set_state_value -category Layout -key cov_main_pos_y -value 917
gui_set_state_value -category Layout -key cov_main_size_x -value 2646
gui_set_state_value -category Layout -key cov_main_size_y -value 1624
gui_create_state_key -category Layout_CoverageTable_covtblFGroupsList -key names -value_type string -value {Group,    , ,  ,   ,Score,}
gui_create_state_key -category Layout_CoverageTable_covtblFGroupsList -key orders -value_type string -value 4,0,1,2,3,5,
gui_create_state_key -category Layout_CoverageTable_covtblFGroupsList -key widths -value_type string -value 220,0,25,0,0,125,
gui_create_state_key -category Layout_CoverageTable_covtblInstancesList -key names -value_type string -value {Name,    , ,  ,   ,Score,Line,Toggle,FSM,Condition,Branch,}
gui_create_state_key -category Layout_CoverageTable_covtblInstancesList -key orders -value_type string -value 4,0,1,2,3,5,6,7,8,9,10,
gui_create_state_key -category Layout_CoverageTable_covtblInstancesList -key widths -value_type string -value 220,0,25,0,0,125,125,125,125,125,125,
gui_create_state_key -category Layout_CoverageTable_covtblModulesList -key names -value_type string -value {Name,    , ,  ,   ,Score,Line,Toggle,FSM,Condition,Branch,}
gui_create_state_key -category Layout_CoverageTable_covtblModulesList -key orders -value_type string -value 4,0,1,2,3,5,6,7,8,9,10,
gui_create_state_key -category Layout_CoverageTable_covtblModulesList -key widths -value_type string -value 220,0,25,0,0,125,125,125,125,125,125,
gui_state_default_create -off

# Begin command logging
gui_open_cov -hier simv_dff_exp.vdb -testdir {} -test {simv_dff_exp/simv_dff_exp} -merge MergedTest
